kotlin version: 2.0.0
error message: java.lang.Exception: IR lowering failed at: FloatingTextWindowService.kt
	at androidx.compose.compiler.plugins.kotlin.lower.LiveLiteralTransformer.visitFile(LiveLiteralTransformer.kt:1058)
	at org.jetbrains.kotlin.ir.visitors.IrElementTransformerVoid.visitFile(IrElementTransformerVoid.kt:163)
	at org.jetbrains.kotlin.ir.visitors.IrElementTransformerVoid.visitFile(IrElementTransformerVoid.kt:19)
	at org.jetbrains.kotlin.ir.declarations.IrFile.accept(IrFile.kt:28)
	at org.jetbrains.kotlin.ir.declarations.IrFile.transform(IrFile.kt:31)
	at org.jetbrains.kotlin.ir.declarations.IrFile.transform(IrFile.kt:20)
	at org.jetbrains.kotlin.ir.util.TransformKt.transformInPlace(transform.kt:35)
	at org.jetbrains.kotlin.ir.declarations.IrModuleFragment.transformChildren(IrModuleFragment.kt:43)
	at org.jetbrains.kotlin.ir.visitors.IrElementTransformerVoidKt.transformChildrenVoid(IrElementTransformerVoid.kt:565)
	at androidx.compose.compiler.plugins.kotlin.lower.LiveLiteralTransformer.lower(LiveLiteralTransformer.kt:176)
	at androidx.compose.compiler.plugins.kotlin.ComposeIrGenerationExtension.generate(ComposeIrGenerationExtension.kt:138)
	at org.jetbrains.kotlin.fir.pipeline.ConvertToIrKt.applyIrGenerationExtensions(convertToIr.kt:260)
	at org.jetbrains.kotlin.fir.pipeline.ConvertToIrKt.convertToIrAndActualize(convertToIr.kt:139)
	at org.jetbrains.kotlin.fir.pipeline.ConvertToIrKt.convertToIrAndActualize$default(convertToIr.kt:65)
	at org.jetbrains.kotlin.cli.jvm.compiler.pipeline.JvmCompilerPipelineKt.convertToIrAndActualizeForJvm(jvmCompilerPipeline.kt:193)
	at org.jetbrains.kotlin.cli.jvm.compiler.pipeline.JvmCompilerPipelineKt.convertAnalyzedFirToIr(jvmCompilerPipeline.kt:167)
	at org.jetbrains.kotlin.cli.jvm.compiler.pipeline.JvmCompilerPipelineKt.compileModulesUsingFrontendIrAndLightTree(jvmCompilerPipeline.kt:138)
	at org.jetbrains.kotlin.cli.jvm.K2JVMCompiler.doExecute(K2JVMCompiler.kt:155)
	at org.jetbrains.kotlin.cli.jvm.K2JVMCompiler.doExecute(K2JVMCompiler.kt:50)
	at org.jetbrains.kotlin.cli.common.CLICompiler.execImpl(CLICompiler.kt:104)
	at org.jetbrains.kotlin.cli.common.CLICompiler.execImpl(CLICompiler.kt:48)
	at org.jetbrains.kotlin.cli.common.CLITool.exec(CLITool.kt:101)
	at org.jetbrains.kotlin.incremental.IncrementalJvmCompilerRunner.runCompiler(IncrementalJvmCompilerRunner.kt:453)
	at org.jetbrains.kotlin.incremental.IncrementalJvmCompilerRunner.runCompiler(IncrementalJvmCompilerRunner.kt:62)
	at org.jetbrains.kotlin.incremental.IncrementalCompilerRunner.doCompile(IncrementalCompilerRunner.kt:506)
	at org.jetbrains.kotlin.incremental.IncrementalCompilerRunner.compileImpl(IncrementalCompilerRunner.kt:423)
	at org.jetbrains.kotlin.incremental.IncrementalCompilerRunner.tryCompileIncrementally$lambda$9$compile(IncrementalCompilerRunner.kt:249)
	at org.jetbrains.kotlin.incremental.IncrementalCompilerRunner.tryCompileIncrementally(IncrementalCompilerRunner.kt:267)
	at org.jetbrains.kotlin.incremental.IncrementalCompilerRunner.compile(IncrementalCompilerRunner.kt:120)
	at org.jetbrains.kotlin.daemon.CompileServiceImplBase.execIncrementalCompiler(CompileServiceImpl.kt:676)
	at org.jetbrains.kotlin.daemon.CompileServiceImplBase.access$execIncrementalCompiler(CompileServiceImpl.kt:92)
	at org.jetbrains.kotlin.daemon.CompileServiceImpl.compile(CompileServiceImpl.kt:1661)
	at java.base/jdk.internal.reflect.NativeMethodAccessorImpl.invoke0(Native Method)
	at java.base/jdk.internal.reflect.NativeMethodAccessorImpl.invoke(NativeMethodAccessorImpl.java:77)
	at java.base/jdk.internal.reflect.DelegatingMethodAccessorImpl.invoke(DelegatingMethodAccessorImpl.java:43)
	at java.base/java.lang.reflect.Method.invoke(Method.java:568)
	at java.rmi/sun.rmi.server.UnicastServerRef.dispatch(UnicastServerRef.java:360)
	at java.rmi/sun.rmi.transport.Transport$1.run(Transport.java:200)
	at java.rmi/sun.rmi.transport.Transport$1.run(Transport.java:197)
	at java.base/java.security.AccessController.doPrivileged(AccessController.java:712)
	at java.rmi/sun.rmi.transport.Transport.serviceCall(Transport.java:196)
	at java.rmi/sun.rmi.transport.tcp.TCPTransport.handleMessages(TCPTransport.java:587)
	at java.rmi/sun.rmi.transport.tcp.TCPTransport$ConnectionHandler.run0(TCPTransport.java:828)
	at java.rmi/sun.rmi.transport.tcp.TCPTransport$ConnectionHandler.lambda$run$0(TCPTransport.java:705)
	at java.base/java.security.AccessController.doPrivileged(AccessController.java:399)
	at java.rmi/sun.rmi.transport.tcp.TCPTransport$ConnectionHandler.run(TCPTransport.java:704)
	at java.base/java.util.concurrent.ThreadPoolExecutor.runWorker(ThreadPoolExecutor.java:1136)
	at java.base/java.util.concurrent.ThreadPoolExecutor$Worker.run(ThreadPoolExecutor.java:635)
	at java.base/java.lang.Thread.run(Thread.java:833)
Caused by: java.lang.IllegalStateException: Duplicate live literal key found: Boolean$fun-onTouch$class-$no-name-provided$$arg-0$call-setOnTouchListener-1$fun-onCreate$class-FloatingTextWindowService
Caused by element at: C:/Users/vishn/AndroidStudioProjects/DevAudioReccordings/app/src/main/java/com/example/devaudioreccordings/services/FloatingTextWindowService.kt:405:23
If you encounter this error, please file a bug at https://issuetracker.google.com/issues?q=componentid:610764
Try adding the `@NoLiveLiterals` annotation around the surrounding code to avoid this exception.
	at androidx.compose.compiler.plugins.kotlin.lower.LiveLiteralTransformer.visitConst(LiveLiteralTransformer.kt:433)
	at org.jetbrains.kotlin.ir.visitors.IrElementTransformerVoid.visitConst(IrElementTransformerVoid.kt:335)
	at org.jetbrains.kotlin.ir.visitors.IrElementTransformerVoid.visitConst(IrElementTransformerVoid.kt:19)
	at org.jetbrains.kotlin.ir.expressions.IrConst.accept(IrConst.kt:22)
	at org.jetbrains.kotlin.ir.expressions.IrExpression.transform(IrExpression.kt:24)
	at org.jetbrains.kotlin.ir.expressions.IrReturn.transformChildren(IrReturn.kt:31)
	at org.jetbrains.kotlin.ir.visitors.IrElementTransformerVoid.visitExpression(IrElementTransformerVoid.kt:166)
	at org.jetbrains.kotlin.ir.visitors.IrElementTransformerVoid.visitReturn(IrElementTransformerVoid.kt:460)
	at org.jetbrains.kotlin.ir.visitors.IrElementTransformerVoid.visitReturn(IrElementTransformerVoid.kt:463)
	at org.jetbrains.kotlin.ir.visitors.IrElementTransformerVoid.visitReturn(IrElementTransformerVoid.kt:19)
	at org.jetbrains.kotlin.ir.expressions.IrReturn.accept(IrReturn.kt:24)
	at org.jetbrains.kotlin.ir.expressions.IrExpression.transform(IrExpression.kt:24)
	at org.jetbrains.kotlin.ir.expressions.IrExpression.transform(IrExpression.kt:20)
	at org.jetbrains.kotlin.ir.util.TransformKt.transformInPlace(transform.kt:35)
	at org.jetbrains.kotlin.ir.expressions.IrBlockBody.transformChildren(IrBlockBody.kt:27)
	at org.jetbrains.kotlin.ir.visitors.IrElementTransformerVoid.visitBody(IrElementTransformerVoid.kt:174)
	at org.jetbrains.kotlin.ir.visitors.IrElementTransformerVoid.visitBlockBody(IrElementTransformerVoid.kt:188)
	at androidx.compose.compiler.plugins.kotlin.lower.LiveLiteralTransformer.visitBlockBody$lambda$87(LiveLiteralTransformer.kt:865)
	at androidx.compose.compiler.plugins.kotlin.lower.DurableKeyVisitor.siblings(DurableKeyVisitor.kt:117)
	at androidx.compose.compiler.plugins.kotlin.lower.LiveLiteralTransformer.siblings(LiveLiteralTransformer.kt:198)
	at androidx.compose.compiler.plugins.kotlin.lower.LiveLiteralTransformer.visitBlockBody(LiveLiteralTransformer.kt:864)
	at org.jetbrains.kotlin.ir.visitors.IrElementTransformerVoid.visitBlockBody(IrElementTransformerVoid.kt:191)
	at org.jetbrains.kotlin.ir.visitors.IrElementTransformerVoid.visitBlockBody(IrElementTransformerVoid.kt:19)
	at org.jetbrains.kotlin.ir.expressions.IrBlockBody.accept(IrBlockBody.kt:20)
	at org.jetbrains.kotlin.ir.expressions.IrBody.transform(IrBody.kt:20)
	at org.jetbrains.kotlin.ir.declarations.IrFunction.transformChildren(IrFunction.kt:58)
	at org.jetbrains.kotlin.ir.visitors.IrElementTransformerVoid.visitDeclaration(IrElementTransformerVoid.kt:40)
	at org.jetbrains.kotlin.ir.visitors.IrElementTransformerVoid.visitFunction(IrElementTransformerVoid.kt:72)
	at org.jetbrains.kotlin.ir.visitors.IrElementTransformerVoid.visitSimpleFunction(IrElementTransformerVoid.kt:128)
	at androidx.compose.compiler.plugins.kotlin.lower.LiveLiteralTransformer.visitSimpleFunction$lambda$67(LiveLiteralTransformer.kt:724)
	at androidx.compose.compiler.plugins.kotlin.lower.DurableKeyVisitor.enter(DurableKeyVisitor.kt:96)
	at androidx.compose.compiler.plugins.kotlin.lower.LiveLiteralTransformer.enter(LiveLiteralTransformer.kt:196)
	at androidx.compose.compiler.plugins.kotlin.lower.LiveLiteralTransformer.visitSimpleFunction(LiveLiteralTransformer.kt:724)
	at org.jetbrains.kotlin.ir.visitors.IrElementTransformerVoid.visitSimpleFunction(IrElementTransformerVoid.kt:131)
	at org.jetbrains.kotlin.ir.visitors.IrElementTransformerVoid.visitSimpleFunction(IrElementTransformerVoid.kt:19)
	at org.jetbrains.kotlin.ir.declarations.IrSimpleFunction.accept(IrSimpleFunction.kt:36)
	at org.jetbrains.kotlin.ir.IrElementBase.transform(IrElementBase.kt:24)
	at org.jetbrains.kotlin.ir.util.TransformKt.transformInPlace(transform.kt:35)
	at org.jetbrains.kotlin.ir.declarations.IrClass.transformChildren(IrClass.kt:82)
	at org.jetbrains.kotlin.ir.visitors.IrElementTransformerVoid.visitDeclaration(IrElementTransformerVoid.kt:40)
	at org.jetbrains.kotlin.ir.visitors.IrElementTransformerVoid.visitClass(IrElementTransformerVoid.kt:54)
	at androidx.compose.compiler.plugins.kotlin.lower.LiveLiteralTransformer.visitClass$lambda$26(LiveLiteralTransformer.kt:471)
	at androidx.compose.compiler.plugins.kotlin.lower.DurableKeyVisitor.siblings(DurableKeyVisitor.kt:117)
	at androidx.compose.compiler.plugins.kotlin.lower.DurableKeyVisitor.siblings$lambda$0(DurableKeyVisitor.kt:131)
	at androidx.compose.compiler.plugins.kotlin.lower.DurableKeyVisitor.enter(DurableKeyVisitor.kt:96)
	at androidx.compose.compiler.plugins.kotlin.lower.DurableKeyVisitor.siblings(DurableKeyVisitor.kt:131)
	at androidx.compose.compiler.plugins.kotlin.lower.LiveLiteralTransformer.siblings(LiveLiteralTransformer.kt:197)
	at androidx.compose.compiler.plugins.kotlin.lower.LiveLiteralTransformer.visitClass(LiveLiteralTransformer.kt:470)
	at org.jetbrains.kotlin.ir.visitors.IrElementTransformerVoid.visitClass(IrElementTransformerVoid.kt:57)
	at org.jetbrains.kotlin.ir.visitors.IrElementTransformerVoid.visitClass(IrElementTransformerVoid.kt:19)
	at org.jetbrains.kotlin.ir.declarations.IrClass.accept(IrClass.kt:72)
	at org.jetbrains.kotlin.ir.IrElementBase.transform(IrElementBase.kt:24)
	at org.jetbrains.kotlin.ir.util.TransformKt.transformInPlace(transform.kt:35)
	at org.jetbrains.kotlin.ir.expressions.IrContainerExpression.transformChildren(IrContainerExpression.kt:26)
	at org.jetbrains.kotlin.ir.visitors.IrElementTransformerVoid.visitExpression(IrElementTransformerVoid.kt:166)
	at org.jetbrains.kotlin.ir.visitors.IrElementTransformerVoid.visitContainerExpression(IrElementTransformerVoid.kt:242)
	at org.jetbrains.kotlin.ir.visitors.IrElementTransformerVoid.visitBlock(IrElementTransformerVoid.kt:248)
	at androidx.compose.compiler.plugins.kotlin.lower.LiveLiteralTransformer.visitBlock$lambda$84(LiveLiteralTransformer.kt:840)
	at androidx.compose.compiler.plugins.kotlin.lower.DurableKeyVisitor.siblings(DurableKeyVisitor.kt:117)
	at androidx.compose.compiler.plugins.kotlin.lower.LiveLiteralTransformer.siblings(LiveLiteralTransformer.kt:198)
	at androidx.compose.compiler.plugins.kotlin.lower.LiveLiteralTransformer.visitBlock(LiveLiteralTransformer.kt:839)
	at org.jetbrains.kotlin.ir.visitors.IrElementTransformerVoid.visitBlock(IrElementTransformerVoid.kt:251)
	at org.jetbrains.kotlin.ir.visitors.IrElementTransformerVoid.visitBlock(IrElementTransformerVoid.kt:19)
	at org.jetbrains.kotlin.ir.expressions.IrBlock.accept(IrBlock.kt:18)
	at org.jetbrains.kotlin.ir.expressions.IrExpression.transform(IrExpression.kt:24)
	at androidx.compose.compiler.plugins.kotlin.lower.LiveLiteralTransformer.visitCall$lambda$62$lambda$61(LiveLiteralTransformer.kt:694)
	at androidx.compose.compiler.plugins.kotlin.lower.DurableKeyVisitor.enter(DurableKeyVisitor.kt:96)
	at androidx.compose.compiler.plugins.kotlin.lower.LiveLiteralTransformer.enter(LiveLiteralTransformer.kt:196)
	at androidx.compose.compiler.plugins.kotlin.lower.LiveLiteralTransformer.visitCall$lambda$62(LiveLiteralTransformer.kt:693)
	at androidx.compose.compiler.plugins.kotlin.lower.DurableKeyVisitor.enter(DurableKeyVisitor.kt:96)
	at androidx.compose.compiler.plugins.kotlin.lower.LiveLiteralTransformer.enter(LiveLiteralTransformer.kt:196)
	at androidx.compose.compiler.plugins.kotlin.lower.LiveLiteralTransformer.visitCall(LiveLiteralTransformer.kt:682)
	at org.jetbrains.kotlin.ir.visitors.IrElementTransformerVoid.visitCall(IrElementTransformerVoid.kt:299)
	at org.jetbrains.kotlin.ir.visitors.IrElementTransformerVoid.visitCall(IrElementTransformerVoid.kt:19)
	at org.jetbrains.kotlin.ir.expressions.IrCall.accept(IrCall.kt:24)
	at org.jetbrains.kotlin.ir.expressions.IrExpression.transform(IrExpression.kt:24)
	at org.jetbrains.kotlin.ir.expressions.IrExpression.transform(IrExpression.kt:20)
	at org.jetbrains.kotlin.ir.util.TransformKt.transformInPlace(transform.kt:35)
	at org.jetbrains.kotlin.ir.expressions.IrBlockBody.transformChildren(IrBlockBody.kt:27)
	at org.jetbrains.kotlin.ir.visitors.IrElementTransformerVoid.visitBody(IrElementTransformerVoid.kt:174)
	at org.jetbrains.kotlin.ir.visitors.IrElementTransformerVoid.visitBlockBody(IrElementTransformerVoid.kt:188)
	at androidx.compose.compiler.plugins.kotlin.lower.LiveLiteralTransformer.visitBlockBody$lambda$87(LiveLiteralTransformer.kt:865)
	at androidx.compose.compiler.plugins.kotlin.lower.DurableKeyVisitor.siblings(DurableKeyVisitor.kt:117)
	at androidx.compose.compiler.plugins.kotlin.lower.LiveLiteralTransformer.siblings(LiveLiteralTransformer.kt:198)
	at androidx.compose.compiler.plugins.kotlin.lower.LiveLiteralTransformer.visitBlockBody(LiveLiteralTransformer.kt:864)
	at org.jetbrains.kotlin.ir.visitors.IrElementTransformerVoid.visitBlockBody(IrElementTransformerVoid.kt:191)
	at org.jetbrains.kotlin.ir.visitors.IrElementTransformerVoid.visitBlockBody(IrElementTransformerVoid.kt:19)
	at org.jetbrains.kotlin.ir.expressions.IrBlockBody.accept(IrBlockBody.kt:20)
	at org.jetbrains.kotlin.ir.expressions.IrBody.transform(IrBody.kt:20)
	at org.jetbrains.kotlin.ir.declarations.IrFunction.transformChildren(IrFunction.kt:58)
	at org.jetbrains.kotlin.ir.visitors.IrElementTransformerVoid.visitDeclaration(IrElementTransformerVoid.kt:40)
	at org.jetbrains.kotlin.ir.visitors.IrElementTransformerVoid.visitFunction(IrElementTransformerVoid.kt:72)
	at org.jetbrains.kotlin.ir.visitors.IrElementTransformerVoid.visitSimpleFunction(IrElementTransformerVoid.kt:128)
	at androidx.compose.compiler.plugins.kotlin.lower.LiveLiteralTransformer.visitSimpleFunction$lambda$67(LiveLiteralTransformer.kt:724)
	at androidx.compose.compiler.plugins.kotlin.lower.DurableKeyVisitor.enter(DurableKeyVisitor.kt:96)
	at androidx.compose.compiler.plugins.kotlin.lower.LiveLiteralTransformer.enter(LiveLiteralTransformer.kt:196)
	at androidx.compose.compiler.plugins.kotlin.lower.LiveLiteralTransformer.visitSimpleFunction(LiveLiteralTransformer.kt:724)
	at org.jetbrains.kotlin.ir.visitors.IrElementTransformerVoid.visitSimpleFunction(IrElementTransformerVoid.kt:131)
	at org.jetbrains.kotlin.ir.visitors.IrElementTransformerVoid.visitSimpleFunction(IrElementTransformerVoid.kt:19)
	at org.jetbrains.kotlin.ir.declarations.IrSimpleFunction.accept(IrSimpleFunction.kt:36)
	at org.jetbrains.kotlin.ir.IrElementBase.transform(IrElementBase.kt:24)
	at org.jetbrains.kotlin.ir.util.TransformKt.transformInPlace(transform.kt:35)
	at org.jetbrains.kotlin.ir.declarations.IrClass.transformChildren(IrClass.kt:82)
	at org.jetbrains.kotlin.ir.visitors.IrElementTransformerVoid.visitDeclaration(IrElementTransformerVoid.kt:40)
	at org.jetbrains.kotlin.ir.visitors.IrElementTransformerVoid.visitClass(IrElementTransformerVoid.kt:54)
	at androidx.compose.compiler.plugins.kotlin.lower.LiveLiteralTransformer.visitClass$lambda$26(LiveLiteralTransformer.kt:471)
	at androidx.compose.compiler.plugins.kotlin.lower.DurableKeyVisitor.siblings(DurableKeyVisitor.kt:117)
	at androidx.compose.compiler.plugins.kotlin.lower.DurableKeyVisitor.siblings$lambda$0(DurableKeyVisitor.kt:131)
	at androidx.compose.compiler.plugins.kotlin.lower.DurableKeyVisitor.enter(DurableKeyVisitor.kt:96)
	at androidx.compose.compiler.plugins.kotlin.lower.DurableKeyVisitor.siblings(DurableKeyVisitor.kt:131)
	at androidx.compose.compiler.plugins.kotlin.lower.LiveLiteralTransformer.siblings(LiveLiteralTransformer.kt:197)
	at androidx.compose.compiler.plugins.kotlin.lower.LiveLiteralTransformer.visitClass(LiveLiteralTransformer.kt:470)
	at org.jetbrains.kotlin.ir.visitors.IrElementTransformerVoid.visitClass(IrElementTransformerVoid.kt:57)
	at org.jetbrains.kotlin.ir.visitors.IrElementTransformerVoid.visitClass(IrElementTransformerVoid.kt:19)
	at org.jetbrains.kotlin.ir.declarations.IrClass.accept(IrClass.kt:72)
	at org.jetbrains.kotlin.ir.IrElementBase.transform(IrElementBase.kt:24)
	at org.jetbrains.kotlin.ir.util.TransformKt.transformInPlace(transform.kt:35)
	at org.jetbrains.kotlin.ir.declarations.IrFile.transformChildren(IrFile.kt:38)
	at org.jetbrains.kotlin.ir.visitors.IrElementTransformerVoid.visitPackageFragment(IrElementTransformerVoid.kt:146)
	at org.jetbrains.kotlin.ir.visitors.IrElementTransformerVoid.visitFile(IrElementTransformerVoid.kt:160)
	at androidx.compose.compiler.plugins.kotlin.lower.LiveLiteralTransformer.visitFile$lambda$41$lambda$40(LiveLiteralTransformer.kt:564)
	at androidx.compose.compiler.plugins.kotlin.lower.DurableKeyVisitor.siblings(DurableKeyVisitor.kt:117)
	at androidx.compose.compiler.plugins.kotlin.lower.DurableKeyVisitor.root(DurableKeyVisitor.kt:152)
	at androidx.compose.compiler.plugins.kotlin.lower.LiveLiteralTransformer.visitFile(LiveLiteralTransformer.kt:494)
	... 48 more


